{
  "RSpec": {
    "coverage": {
      "/Users/mantas/Desktop/RubyApp/app/tests/login_controller_tests.rb": [
        1,
        1,
        1,
        1,
        null,
        1,
        1,
        null,
        null,
        null,
        null,
        null,
        null,
        null,
        null,
        null,
        null,
        1,
        1,
        1,
        null,
        null,
        1,
        1,
        1,
        null,
        null,
        1,
        1,
        1,
        1,
        null,
        null,
        1,
        1,
        1,
        1,
        1,
        1,
        1,
        1,
        null,
        null
      ],
      "/Users/mantas/Desktop/RubyApp/app/src/controllers/login_controller.rb": [
        1,
        null,
        1,
        1,
        1,
        4,
        null,
        null,
        1,
        3,
        3,
        3,
        2,
        2,
        null,
        1,
        null,
        null,
        1,
        3,
        null,
        null,
        null,
        null,
        null,
        null,
        null,
        null,
        null
      ],
      "/Users/mantas/Desktop/RubyApp/app/tests/user_tests.rb": [
        1,
        1,
        1,
        1,
        null,
        1,
        1,
        1,
        1,
        1,
        1,
        1,
        1,
        null,
        null,
        1,
        1,
        1,
        1,
        1,
        1,
        null,
        null
      ],
      "/Users/mantas/Desktop/RubyApp/app/src/model/User.rb": [
        1,
        1,
        1,
        1,
        4,
        4,
        4,
        4,
        4,
        null,
        null
      ]
    },
    "timestamp": 1538425254
  }
}
